0 info it worked if it ends with ok
1 verbose cli [ '/usr/bin/node', '/usr/bin/npm', 'publish' ]
2 info using npm@1.3.24
3 info using node@v0.10.25
4 verbose publish [ '.' ]
5 verbose cache add [ '.', null ]
6 verbose cache add name=undefined spec="." args=[".",null]
7 verbose parsed url { protocol: null,
7 verbose parsed url   slashes: null,
7 verbose parsed url   auth: null,
7 verbose parsed url   host: null,
7 verbose parsed url   port: null,
7 verbose parsed url   hostname: null,
7 verbose parsed url   hash: null,
7 verbose parsed url   search: null,
7 verbose parsed url   query: null,
7 verbose parsed url   pathname: '.',
7 verbose parsed url   path: '.',
7 verbose parsed url   href: '.' }
8 silly lockFile 3a52ce78- .
9 verbose lock . /home/cyt-b/.npm/3a52ce78-.lock
10 verbose tar pack [ '/home/cyt-b/tmp/npm-11235-gAex_UNw/1392262455458-0.15135678392834961/tmp.tgz',
10 verbose tar pack   '.' ]
11 verbose tarball /home/cyt-b/tmp/npm-11235-gAex_UNw/1392262455458-0.15135678392834961/tmp.tgz
12 verbose folder .
13 info prepublish simple-autoreload-server@0.0.5
14 verbose unsafe-perm in lifecycle true
15 silly lockFile 1f1177db-tar tar://.
16 verbose lock tar://. /home/cyt-b/.npm/1f1177db-tar.lock
17 silly lockFile fa63967e-5458-0-15135678392834961-tmp-tgz tar:///home/cyt-b/tmp/npm-11235-gAex_UNw/1392262455458-0.15135678392834961/tmp.tgz
18 verbose lock tar:///home/cyt-b/tmp/npm-11235-gAex_UNw/1392262455458-0.15135678392834961/tmp.tgz /home/cyt-b/.npm/fa63967e-5458-0-15135678392834961-tmp-tgz.lock
19 silly lockFile 1f1177db-tar tar://.
20 silly lockFile 1f1177db-tar tar://.
21 silly lockFile fa63967e-5458-0-15135678392834961-tmp-tgz tar:///home/cyt-b/tmp/npm-11235-gAex_UNw/1392262455458-0.15135678392834961/tmp.tgz
22 silly lockFile fa63967e-5458-0-15135678392834961-tmp-tgz tar:///home/cyt-b/tmp/npm-11235-gAex_UNw/1392262455458-0.15135678392834961/tmp.tgz
23 verbose tar unpack /home/cyt-b/tmp/npm-11235-gAex_UNw/1392262455458-0.15135678392834961/tmp.tgz
24 silly lockFile ee3a5c75-5458-0-15135678392834961-package tar:///home/cyt-b/tmp/npm-11235-gAex_UNw/1392262455458-0.15135678392834961/package
25 verbose lock tar:///home/cyt-b/tmp/npm-11235-gAex_UNw/1392262455458-0.15135678392834961/package /home/cyt-b/.npm/ee3a5c75-5458-0-15135678392834961-package.lock
26 silly lockFile fa63967e-5458-0-15135678392834961-tmp-tgz tar:///home/cyt-b/tmp/npm-11235-gAex_UNw/1392262455458-0.15135678392834961/tmp.tgz
27 verbose lock tar:///home/cyt-b/tmp/npm-11235-gAex_UNw/1392262455458-0.15135678392834961/tmp.tgz /home/cyt-b/.npm/fa63967e-5458-0-15135678392834961-tmp-tgz.lock
28 silly gunzTarPerm modes [ '755', '644' ]
29 silly gunzTarPerm extractEntry package.json
30 silly gunzTarPerm extractEntry .npmignore
31 silly gunzTarPerm extractEntry README.md
32 silly gunzTarPerm extractEntry Gruntfile.js
33 silly gunzTarPerm extractEntry index.js
34 silly gunzTarPerm extractEntry .travis.yml
35 silly gunzTarPerm extractEntry bin/autoreload
36 silly gunzTarPerm modified mode [ 'bin/autoreload', 504, 492 ]
37 silly gunzTarPerm extractEntry lib/autoreload.js
38 silly gunzTarPerm extractEntry lib/client.js
39 silly gunzTarPerm extractEntry lib/default-options.js
40 silly gunzTarPerm extractEntry lib/utils.js
41 silly gunzTarPerm extractEntry src/Gruntfile.ls
42 silly gunzTarPerm extractEntry src/bin/autoreload.ls
43 silly gunzTarPerm extractEntry src/doc/README.tmpl
44 silly gunzTarPerm extractEntry src/doc/banner.tmpl
45 silly gunzTarPerm extractEntry src/index.ls
46 silly gunzTarPerm extractEntry src/lib/autoreload.ls
47 silly gunzTarPerm extractEntry src/lib/client.ls
48 silly gunzTarPerm extractEntry src/lib/default-options.ls
49 silly gunzTarPerm extractEntry src/lib/utils.ls
50 silly gunzTarPerm extractEntry src/test/buster.ls
51 silly gunzTarPerm extractEntry src/test/data/expect/websocket-echo/connected-1.json
52 silly gunzTarPerm extractEntry src/test/data/expect/websocket-echo/connected-2.json
53 silly gunzTarPerm extractEntry src/test/data/expect/websocket-echo/update-1.json
54 silly gunzTarPerm extractEntry src/test/data/expect/websocket-echo/update-2.json
55 silly gunzTarPerm extractEntry src/test/data/serv/websocket-echo.html
56 silly gunzTarPerm extractEntry src/test/helper/autoreload.ls
57 silly gunzTarPerm extractEntry src/test/lib/test-utils.ls
58 silly gunzTarPerm extractEntry src/test/tests/autoreload.test.ls
59 silly gunzTarPerm extractEntry src/test/tests/command.test.ls
60 silly gunzTarPerm extractEntry src/test/tests/websocket.test.ls
61 silly lockFile ee3a5c75-5458-0-15135678392834961-package tar:///home/cyt-b/tmp/npm-11235-gAex_UNw/1392262455458-0.15135678392834961/package
62 silly lockFile ee3a5c75-5458-0-15135678392834961-package tar:///home/cyt-b/tmp/npm-11235-gAex_UNw/1392262455458-0.15135678392834961/package
63 silly lockFile fa63967e-5458-0-15135678392834961-tmp-tgz tar:///home/cyt-b/tmp/npm-11235-gAex_UNw/1392262455458-0.15135678392834961/tmp.tgz
64 silly lockFile fa63967e-5458-0-15135678392834961-tmp-tgz tar:///home/cyt-b/tmp/npm-11235-gAex_UNw/1392262455458-0.15135678392834961/tmp.tgz
65 verbose tar pack [ '/home/cyt-b/.npm/simple-autoreload-server/0.0.5/package.tgz',
65 verbose tar pack   '/home/cyt-b/tmp/npm-11235-gAex_UNw/1392262455458-0.15135678392834961/package' ]
66 verbose tarball /home/cyt-b/.npm/simple-autoreload-server/0.0.5/package.tgz
67 verbose folder /home/cyt-b/tmp/npm-11235-gAex_UNw/1392262455458-0.15135678392834961/package
68 silly lockFile ee3a5c75-5458-0-15135678392834961-package tar:///home/cyt-b/tmp/npm-11235-gAex_UNw/1392262455458-0.15135678392834961/package
69 verbose lock tar:///home/cyt-b/tmp/npm-11235-gAex_UNw/1392262455458-0.15135678392834961/package /home/cyt-b/.npm/ee3a5c75-5458-0-15135678392834961-package.lock
70 silly lockFile 3f380bbb-oreload-server-0-0-5-package-tgz tar:///home/cyt-b/.npm/simple-autoreload-server/0.0.5/package.tgz
71 verbose lock tar:///home/cyt-b/.npm/simple-autoreload-server/0.0.5/package.tgz /home/cyt-b/.npm/3f380bbb-oreload-server-0-0-5-package-tgz.lock
72 silly lockFile ee3a5c75-5458-0-15135678392834961-package tar:///home/cyt-b/tmp/npm-11235-gAex_UNw/1392262455458-0.15135678392834961/package
73 silly lockFile ee3a5c75-5458-0-15135678392834961-package tar:///home/cyt-b/tmp/npm-11235-gAex_UNw/1392262455458-0.15135678392834961/package
74 silly lockFile 3f380bbb-oreload-server-0-0-5-package-tgz tar:///home/cyt-b/.npm/simple-autoreload-server/0.0.5/package.tgz
75 silly lockFile 3f380bbb-oreload-server-0-0-5-package-tgz tar:///home/cyt-b/.npm/simple-autoreload-server/0.0.5/package.tgz
76 silly lockFile 34741e19--autoreload-server-0-0-5-package /home/cyt-b/.npm/simple-autoreload-server/0.0.5/package
77 verbose lock /home/cyt-b/.npm/simple-autoreload-server/0.0.5/package /home/cyt-b/.npm/34741e19--autoreload-server-0-0-5-package.lock
78 silly lockFile 34741e19--autoreload-server-0-0-5-package /home/cyt-b/.npm/simple-autoreload-server/0.0.5/package
79 silly lockFile 34741e19--autoreload-server-0-0-5-package /home/cyt-b/.npm/simple-autoreload-server/0.0.5/package
80 verbose tar unpack /home/cyt-b/.npm/simple-autoreload-server/0.0.5/package.tgz
81 silly lockFile 09ba43f7--autoreload-server-0-0-5-package tar:///home/cyt-b/.npm/simple-autoreload-server/0.0.5/package
82 verbose lock tar:///home/cyt-b/.npm/simple-autoreload-server/0.0.5/package /home/cyt-b/.npm/09ba43f7--autoreload-server-0-0-5-package.lock
83 silly lockFile 3f380bbb-oreload-server-0-0-5-package-tgz tar:///home/cyt-b/.npm/simple-autoreload-server/0.0.5/package.tgz
84 verbose lock tar:///home/cyt-b/.npm/simple-autoreload-server/0.0.5/package.tgz /home/cyt-b/.npm/3f380bbb-oreload-server-0-0-5-package-tgz.lock
85 silly gunzTarPerm modes [ '755', '644' ]
86 silly gunzTarPerm extractEntry package.json
87 silly gunzTarPerm extractEntry .npmignore
88 silly gunzTarPerm extractEntry README.md
89 silly gunzTarPerm extractEntry Gruntfile.js
90 silly gunzTarPerm extractEntry index.js
91 silly gunzTarPerm extractEntry .travis.yml
92 silly gunzTarPerm extractEntry bin/autoreload
93 silly gunzTarPerm extractEntry lib/autoreload.js
94 silly gunzTarPerm extractEntry lib/client.js
95 silly gunzTarPerm extractEntry lib/default-options.js
96 silly gunzTarPerm extractEntry lib/utils.js
97 silly gunzTarPerm extractEntry src/Gruntfile.ls
98 silly gunzTarPerm extractEntry src/bin/autoreload.ls
99 silly gunzTarPerm extractEntry src/doc/README.tmpl
100 silly gunzTarPerm extractEntry src/doc/banner.tmpl
101 silly gunzTarPerm extractEntry src/index.ls
102 silly gunzTarPerm extractEntry src/lib/autoreload.ls
103 silly gunzTarPerm extractEntry src/lib/client.ls
104 silly gunzTarPerm extractEntry src/lib/default-options.ls
105 silly gunzTarPerm extractEntry src/lib/utils.ls
106 silly gunzTarPerm extractEntry src/test/buster.ls
107 silly gunzTarPerm extractEntry src/test/data/expect/websocket-echo/connected-1.json
108 silly gunzTarPerm extractEntry src/test/data/expect/websocket-echo/connected-2.json
109 silly gunzTarPerm extractEntry src/test/data/expect/websocket-echo/update-1.json
110 silly gunzTarPerm extractEntry src/test/data/expect/websocket-echo/update-2.json
111 silly gunzTarPerm extractEntry src/test/data/serv/websocket-echo.html
112 silly gunzTarPerm extractEntry src/test/helper/autoreload.ls
113 silly gunzTarPerm extractEntry src/test/lib/test-utils.ls
114 silly gunzTarPerm extractEntry src/test/tests/autoreload.test.ls
115 silly gunzTarPerm extractEntry src/test/tests/command.test.ls
116 silly gunzTarPerm extractEntry src/test/tests/websocket.test.ls
117 silly lockFile 09ba43f7--autoreload-server-0-0-5-package tar:///home/cyt-b/.npm/simple-autoreload-server/0.0.5/package
118 silly lockFile 09ba43f7--autoreload-server-0-0-5-package tar:///home/cyt-b/.npm/simple-autoreload-server/0.0.5/package
119 silly lockFile 3f380bbb-oreload-server-0-0-5-package-tgz tar:///home/cyt-b/.npm/simple-autoreload-server/0.0.5/package.tgz
120 silly lockFile 3f380bbb-oreload-server-0-0-5-package-tgz tar:///home/cyt-b/.npm/simple-autoreload-server/0.0.5/package.tgz
121 verbose chmod /home/cyt-b/.npm/simple-autoreload-server/0.0.5/package.tgz 644
122 verbose chown /home/cyt-b/.npm/simple-autoreload-server/0.0.5/package.tgz [ 1010, 1014 ]
123 silly lockFile 3a52ce78- .
124 silly lockFile 3a52ce78- .
125 silly publish { name: 'simple-autoreload-server',
125 silly publish   description: 'Simple Web Server with live/autoreload features, without browser extensions, for web development.',
125 silly publish   version: '0.0.5',
125 silly publish   homepage: 'https://github.com/cytb/simple-autoreload-server',
125 silly publish   author: { name: 'cytb', url: 'https://github.com/cytb/' },
125 silly publish   contributors: [ { name: 'cytb', url: 'https://github.com/cytb/' } ],
125 silly publish   dependencies:
125 silly publish    { connect: '~2.12.0',
125 silly publish      'connect-static-transform': '>=0.6.3',
125 silly publish      colors: '*',
125 silly publish      'este-watch': '>=0.0.4',
125 silly publish      'faye-websocket': '>=0.4.0' },
125 silly publish   devDependencies:
125 silly publish    { 'grunt-buster': '~0.2.1',
125 silly publish      'grunt-contrib-uglify': '~0.2.2',
125 silly publish      'grunt-livescript': '*',
125 silly publish      'grunt-contrib-clean': '~0.5.0',
125 silly publish      'grunt-contrib-copy': '~0.5.0',
125 silly publish      'prelude-ls': '~1.0.3',
125 silly publish      buster: '~0.7.8',
125 silly publish      'node-phantom': '~0.2.5',
125 silly publish      'grunt-este-watch': '~0.1.15',
125 silly publish      'grunt-template': '~0.2.3' },
125 silly publish   peerDependencies: { LiveScript: '1.2.0', grunt: '~0.4.1' },
125 silly publish   keywords:
125 silly publish    [ 'autoreload',
125 silly publish      'websocket',
125 silly publish      'livereload',
125 silly publish      'web',
125 silly publish      'development',
125 silly publish      'app' ],
125 silly publish   licenses:
125 silly publish    [ { type: 'MIT License',
125 silly publish        url: 'http://www.opensource.org/licenses/mit-license.php' } ],
125 silly publish   repository:
125 silly publish    { type: 'git',
125 silly publish      url: 'git://github.com/cytochrome/simple-autoreload-server' },
125 silly publish   bin: { 'autoreload-server': './bin/autoreload' },
125 silly publish   main: 'index.js',
125 silly publish   scripts: { prepublish: 'npm prune', test: 'grunt test' },
125 silly publish   engines: { node: '>=0.9.2' },
125 silly publish   readme: 'simple-autoreload-server\n========================\n\n[simple-autoreload-server] is the Node.js based Simple Live/Auto Reloading Web Server.\n  - Reload statically on update the html files\n  - Refresh dynamically on update the files like css, js, png, and etc.\n  - No browser extensions (but the WebSocket) needed. \n\nCommand Line Usage\n----\n```sh\nautoreload [root-dir [port]]\n```\n#### Example\n\n```sh\nautoreload ./site-files 8008\n```\n\nModule Usage (Example)\n----\n```\nvar launcher = require(\'simple-autoreload-server\');\n\nvar server = launcher({\n  port: 8008,\n  root: \'./\',\n  listDirectory: true,\n  watch: /.(png|js|html)$/i\n  forceReload: [/.json$/i, "static.swf"]\n});\n```\n\n#### Option\n\nSee \'src/lib/default-options.ls\' for the details of options.\n\nVersion\n----\nv0.0.5\n\nInstallation\n--------------\nYou can install this package via \'npm\'.\n\nLicense\n----\n[MIT License]\n\n\n[simple-autoreload-server]:https://github.com/cytb/simple-autoreload-server\n[MIT License]:http://www.opensource.org/licenses/mit-license.php\n\n\n\n\n',
125 silly publish   readmeFilename: 'README.md',
125 silly publish   bugs: { url: 'https://github.com/cytochrome/simple-autoreload-server/issues' },
125 silly publish   _id: 'simple-autoreload-server@0.0.5',
125 silly publish   dist: { shasum: '8f756421865dee673dd2d4daeabd92b5744333a4' },
125 silly publish   _from: '.' }
126 verbose url raw simple-autoreload-server
127 verbose url resolving [ 'https://registry.npmjs.org/', './simple-autoreload-server' ]
128 verbose url resolved https://registry.npmjs.org/simple-autoreload-server
129 info trying registry request attempt 1 at 12:34:16
130 http PUT https://registry.npmjs.org/simple-autoreload-server
131 http 409 https://registry.npmjs.org/simple-autoreload-server
132 verbose url raw simple-autoreload-server
133 verbose url resolving [ 'https://registry.npmjs.org/', './simple-autoreload-server' ]
134 verbose url resolved https://registry.npmjs.org/simple-autoreload-server
135 info trying registry request attempt 1 at 12:34:17
136 http GET https://registry.npmjs.org/simple-autoreload-server
137 http 200 https://registry.npmjs.org/simple-autoreload-server
138 verbose url raw simple-autoreload-server
139 verbose url resolving [ 'https://registry.npmjs.org/', './simple-autoreload-server' ]
140 verbose url resolved https://registry.npmjs.org/simple-autoreload-server
141 info trying registry request attempt 1 at 12:34:18
142 http PUT https://registry.npmjs.org/simple-autoreload-server
143 http 403 https://registry.npmjs.org/simple-autoreload-server
144 info trying registry request attempt 1 at 12:34:19
145 http PUT https://registry.npmjs.org/simple-autoreload-server
146 http 403 https://registry.npmjs.org/simple-autoreload-server
147 error Error: forbidden 0.0.5 time should not be modified 1: simple-autoreload-server
147 error     at RegClient.<anonymous> (/usr/lib/node_modules/npm/node_modules/npm-registry-client/lib/request.js:275:14)
147 error     at Request.self.callback (/usr/lib/node_modules/npm/node_modules/request/request.js:123:22)
147 error     at Request.EventEmitter.emit (events.js:98:17)
147 error     at Request.<anonymous> (/usr/lib/node_modules/npm/node_modules/request/request.js:893:14)
147 error     at Request.EventEmitter.emit (events.js:117:20)
147 error     at IncomingMessage.<anonymous> (/usr/lib/node_modules/npm/node_modules/request/request.js:844:12)
147 error     at IncomingMessage.EventEmitter.emit (events.js:117:20)
147 error     at _stream_readable.js:920:16
147 error     at process._tickCallback (node.js:415:13)
148 error If you need help, you may report this *entire* log,
148 error including the npm and node versions, at:
148 error     <http://github.com/isaacs/npm/issues>
149 error System Linux 3.12.9-2-ARCH
150 error command "/usr/bin/node" "/usr/bin/npm" "publish"
151 error cwd /shared/Working/OSS-HostingSites/github/cytb/simple-autoreload-server
152 error node -v v0.10.25
153 error npm -v 1.3.24
154 verbose exit [ 1, true ]
